2021-04-22T14:37:22: LogHost: Initializing to normal mode
2021-04-22T14:37:23: Could not obtain git dir,  is not a git repo.
2021-04-22T14:37:30: Trying without host
2021-04-22T14:37:30: Trying without host
2021-04-22T14:38:56: Trying without host
2021-04-22T14:38:56: Trying without host
2021-04-22T14:39:58: ScrollToItem idx:2 scrollHeight=91 offset=1.7
2021-04-22T14:39:59: 22.04.2021 14:39:59 : REFRESHING DIFF
2021-04-22T14:40:10: 22.04.2021 14:40:10 : REFRESHING DIFF
2021-04-22T14:40:11: ScrollToItem idx:1 scrollHeight=96 offset=.91
2021-04-22T14:40:11: 22.04.2021 14:40:11 : REFRESHING DIFF
2021-04-22T14:40:11: 22.04.2021 14:40:11 : REFRESHING DIFF
2021-04-22T14:40:17: 22.04.2021 14:40:17 : REFRESHING DIFF
2021-04-22T14:40:17: ScrollToItem idx:2 scrollHeight=91 offset=1.7
2021-04-22T14:40:17: 22.04.2021 14:40:17 : REFRESHING DIFF
2021-04-22T14:40:38: Trying without host
2021-04-22T14:40:38: Trying without host
2021-04-22T14:40:55: 22.04.2021 14:40:55 : REFRESHING DIFF
2021-04-22T14:40:56: ScrollToItem idx:2 scrollHeight=91 offset=1.7
2021-04-22T14:40:56: 22.04.2021 14:40:56 : REFRESHING DIFF
2021-04-22T14:41:37: Trying without host
2021-04-22T14:41:37: Trying without host
2021-04-22T14:42:19: Trying without host
2021-04-22T14:42:19: Trying without host
2021-04-22T14:42:48: Trying without host
2021-04-22T14:42:48: Trying without host
2021-04-22T14:42:55: ScrollToItem idx:1 scrollHeight=92 offset=.85
2021-04-22T14:47:24: Checking remote repositories...
2021-04-22T14:57:24: Checking remote repositories...
2021-04-22T14:57:24: Trying without host
2021-04-22T15:07:28: Checking remote repositories...
2021-04-22T15:07:28: Trying without host
2021-04-22T15:17:32: Checking remote repositories...
2021-04-22T15:17:32: Trying without host
2021-04-22T15:27:38: Checking remote repositories...
2021-04-22T15:27:38: Trying without host
2021-04-22T15:34:48: Trying without host
2021-04-22T15:34:48: Trying without host
2021-04-22T15:34:53: ScrollToItem idx:5 scrollHeight=96 offset=4.29
2021-04-22T15:37:42: Checking remote repositories...
2021-04-22T15:47:42: Checking remote repositories...
2021-04-22T15:47:42: Trying without host
2021-04-22T15:57:46: Checking remote repositories...
2021-04-22T15:57:46: Trying without host
2021-04-22T16:07:50: Checking remote repositories...
2021-04-22T16:07:50: Trying without host
2021-04-22T16:17:54: Checking remote repositories...
2021-04-22T16:17:54: Trying without host
2021-04-22T16:20:48: Trying without host
2021-04-22T16:20:48: Trying without host
2021-04-22T16:20:53: ScrollToItem idx:9 scrollHeight=100 offset=7.76
2021-04-22T16:27:59: Checking remote repositories...
2021-04-22T16:37:59: Checking remote repositories...
2021-04-22T16:37:59: Trying without host
2021-04-22T16:48:03: Checking remote repositories...
2021-04-22T16:48:03: Trying without host
2021-04-22T16:58:07: Checking remote repositories...
2021-04-22T16:58:07: Trying without host
2021-04-22T17:08:12: Checking remote repositories...
2021-04-22T17:08:12: Trying without host
2021-04-22T17:18:17: Checking remote repositories...
2021-04-22T17:18:17: Trying without host
2021-04-22T17:20:14: Trying without host
2021-04-22T17:20:14: Trying without host
2021-04-22T17:20:19: ScrollToItem idx:13 scrollHeight=104 offset=11.27
