2021-04-22T09:35:40: LogHost: Initializing to normal mode
2021-04-22T09:35:44: Could not obtain git dir,  is not a git repo.
2021-04-22T09:35:46: ScrollToItem idx:0 scrollHeight= offset=
2021-04-22T09:36:03: Trying without host
2021-04-22T09:36:03: Trying without host
2021-04-22T09:36:21: ScrollToItem idx:0 scrollHeight=82 offset=
2021-04-22T09:36:35: ScrollToItem idx:1 scrollHeight=82 offset=.84
2021-04-22T09:36:36: 22.04.2021 09:36:36 : REFRESHING DIFF
2021-04-22T09:36:37: ScrollToItem idx:1 scrollHeight=82 offset=.84
2021-04-22T09:45:48: Checking remote repositories...
2021-04-22T09:55:48: Checking remote repositories...
2021-04-22T09:55:49: Trying without host
2021-04-22T10:05:57: Checking remote repositories...
2021-04-22T10:05:58: Trying without host
2021-04-22T10:16:04: Checking remote repositories...
2021-04-22T10:16:04: Trying without host
2021-04-22T10:26:11: Checking remote repositories...
2021-04-22T10:26:11: Trying without host
2021-04-22T10:36:18: Checking remote repositories...
2021-04-22T10:36:18: Trying without host
2021-04-22T10:46:22: Checking remote repositories...
2021-04-22T10:46:22: Trying without host
2021-04-22T10:56:27: Checking remote repositories...
2021-04-22T10:56:27: Trying without host
2021-04-22T11:06:31: Checking remote repositories...
2021-04-22T11:06:31: Trying without host
2021-04-22T11:16:35: Checking remote repositories...
2021-04-22T11:16:35: Trying without host
2021-04-22T11:18:03: Trying without host
2021-04-22T11:18:05: Trying without host
2021-04-22T11:18:11: Trying without host
2021-04-22T11:18:11: Trying without host
2021-04-22T11:18:17: 22.04.2021 11:18:17 : REFRESHING DIFF
2021-04-22T11:18:17: ScrollToItem idx:4 scrollHeight=85 offset=3.37
2021-04-22T11:18:17: 22.04.2021 11:18:17 : REFRESHING DIFF
2021-04-22T11:20:32: 22.04.2021 11:20:32 : REFRESHING DIFF
2021-04-22T11:26:39: Checking remote repositories...
2021-04-22T11:36:39: Checking remote repositories...
2021-04-22T11:36:39: Trying without host
2021-04-22T11:46:44: Checking remote repositories...
2021-04-22T11:46:44: Trying without host
2021-04-22T11:56:48: Checking remote repositories...
2021-04-22T11:56:48: Trying without host
2021-04-22T12:06:53: Checking remote repositories...
2021-04-22T12:06:53: Trying without host
2021-04-22T12:16:58: Checking remote repositories...
2021-04-22T12:16:58: Trying without host
2021-04-22T12:27:03: Checking remote repositories...
2021-04-22T12:27:03: Trying without host
2021-04-22T12:37:08: Checking remote repositories...
2021-04-22T12:37:08: Trying without host
2021-04-22T12:47:12: Checking remote repositories...
2021-04-22T12:47:12: Trying without host
2021-04-22T12:57:16: Checking remote repositories...
2021-04-22T12:57:16: Trying without host
2021-04-22T13:07:20: Checking remote repositories...
2021-04-22T13:07:20: Trying without host
2021-04-22T13:17:24: Checking remote repositories...
2021-04-22T13:17:24: Trying without host
2021-04-22T13:27:29: Checking remote repositories...
2021-04-22T13:27:29: Trying without host
2021-04-22T13:37:33: Checking remote repositories...
2021-04-22T13:37:33: Trying without host
2021-04-22T13:47:37: Checking remote repositories...
2021-04-22T13:47:37: Trying without host
2021-04-22T13:57:41: Checking remote repositories...
2021-04-22T13:57:41: Trying without host
2021-04-22T14:07:35: Trying without host
2021-04-22T14:07:35: Trying without host
2021-04-22T14:07:45: Checking remote repositories...
2021-04-22T14:07:45: Trying without host
2021-04-22T14:08:28: Trying without host
2021-04-22T14:08:28: Trying without host
2021-04-22T14:08:53: Trying without host
2021-04-22T14:08:53: Trying without host
2021-04-22T14:09:42: 22.04.2021 14:09:42 : REFRESHING DIFF
2021-04-22T14:09:42: ScrollToItem idx:4 scrollHeight=94 offset=3.62
2021-04-22T14:09:42: 22.04.2021 14:09:42 : REFRESHING DIFF
2021-04-22T14:09:42: 22.04.2021 14:09:42 : REFRESHING DIFF
2021-04-22T14:14:13: ScrollToItem idx:0 scrollHeight= offset=
2021-04-22T14:14:13: 22.04.2021 14:14:13 : REFRESHING DIFF
2021-04-22T14:14:13: ScrollToItem idx:4 scrollHeight=94 offset=3.62
2021-04-22T14:14:13: 22.04.2021 14:14:13 : REFRESHING DIFF
2021-04-22T14:14:38: 22.04.2021 14:14:38 : REFRESHING DIFF
2021-04-22T14:14:39: 22.04.2021 14:14:39 : REFRESHING DIFF
