2021-05-18T17:22:11: LogHost: Initializing to normal mode
2021-05-18T17:22:14: ReactiveList`1: Property change notifications are enabled and type SourceTree.Model.RepositoryRemoteProjectLink isn't INotifyPropertyChanged or IReactiveObject
2021-05-18T17:22:14: ReactiveList`1: Property change notifications are enabled and type SourceTree.Model.RepositoryRemoteProjectLink isn't INotifyPropertyChanged or IReactiveObject
2021-05-18T17:22:15: Could not obtain git dir,  is not a git repo.
2021-05-18T17:22:17: ScrollToItem idx:0 scrollHeight= offset=
2021-05-18T17:22:18: 18.05.2021 17:22:18 : REFRESHING DIFF
2021-05-18T17:22:25: Trying without host
2021-05-18T17:22:25: Trying without host
2021-05-18T17:22:39: 18.05.2021 17:22:39 : REFRESHING DIFF
2021-05-18T17:22:39: ScrollToItem idx:0 scrollHeight=31 offset=
2021-05-18T17:22:39: 18.05.2021 17:22:39 : REFRESHING DIFF
2021-05-18T17:24:24: 18.05.2021 17:24:24 : REFRESHING DIFF
2021-05-18T17:24:27: 18.05.2021 17:24:27 : REFRESHING DIFF
2021-05-18T17:25:19: Trying without host
2021-05-18T17:25:19: Trying without host
2021-05-18T17:25:32: 18.05.2021 17:25:32 : REFRESHING DIFF
2021-05-18T17:25:32: ScrollToItem idx:1 scrollHeight=31 offset=.66
2021-05-18T17:25:32: 18.05.2021 17:25:32 : REFRESHING DIFF
2021-05-18T17:32:18: Checking remote repositories...
2021-05-18T17:35:05: Trying without host
2021-05-18T17:35:05: Trying without host
2021-05-18T17:35:50: Could not obtain git dir, C:\Uni\Webtechnologien\Projekt- AllinOneTrash\aion/ss21-team1 is not a git repo.
2021-05-18T17:35:50: Could not obtain git dir, C:\Uni\Webtechnologien\Projekt- AllinOneTrash\aion/ss21-team1 is not a git repo.
2021-05-18T17:35:51: 18.05.2021 17:35:51 : REFRESHING DIFF
2021-05-18T17:35:51: ScrollToItem idx:2 scrollHeight=32 offset=1.33
2021-05-18T17:35:51: 18.05.2021 17:35:51 : REFRESHING DIFF
2021-05-18T17:35:58: 18.05.2021 17:35:58 : REFRESHING DIFF
2021-05-18T17:35:58: Could not obtain git dir, C:\Uni\Webtechnologien\Projekt- AllinOneTrash\aion/ss21-team1 is not a git repo.
2021-05-18T17:42:18: Checking remote repositories...
2021-05-18T17:42:18: Trying without host
2021-05-18T17:52:24: Checking remote repositories...
2021-05-18T17:52:24: Trying without host
2021-05-18T17:52:30: Trying without host
2021-05-18T18:02:36: Checking remote repositories...
2021-05-18T18:02:36: Trying without host
2021-05-18T18:02:41: Trying without host
2021-05-18T18:11:44: Could not obtain git dir, C:\Uni\Webtechnologien\Projekt- AllinOneTrash\aion/ss21-team1 is not a git repo.
2021-05-18T18:11:51: Could not obtain git dir, C:\Uni\Webtechnologien\Projekt- AllinOneTrash\aion/ss21-team1 is not a git repo.
2021-05-18T18:12:00: Could not obtain git dir, C:\Uni\Webtechnologien\Projekt- AllinOneTrash\aion/ss21-team1 is not a git repo.
2021-05-18T18:12:06: Could not obtain git dir, C:\Uni\Webtechnologien\Projekt- AllinOneTrash\aion/ss21-team1 is not a git repo.
2021-05-18T18:12:46: Trying without host
2021-05-18T18:12:47: Checking remote repositories...
2021-05-18T18:12:47: Trying without host
2021-05-18T18:12:52: Could not obtain git dir, C:\Uni\Webtechnologien\Projekt- AllinOneTrash\aion/ss21-team1 is not a git repo.
2021-05-18T18:12:59: 18.05.2021 18:12:59 : REFRESHING DIFF
2021-05-18T18:12:59: 18.05.2021 18:12:59 : REFRESHING DIFF
