2021-04-15T09:39:55: LogHost: Initializing to normal mode
2021-04-15T09:39:59: Could not obtain git dir,  is not a git repo.
2021-04-15T09:40:02: ScrollToItem idx:0 scrollHeight= offset=
2021-04-15T09:40:10: Trying without host
2021-04-15T09:40:14: Trying without host
2021-04-15T09:40:21: Trying without host
2021-04-15T09:40:21: Trying without host
2021-04-15T09:40:30: ScrollToItem idx:0 scrollHeight=70 offset=
2021-04-15T09:50:04: Checking remote repositories...
2021-04-15T10:00:04: Checking remote repositories...
2021-04-15T10:00:04: Trying without host
2021-04-15T10:03:39: Trying without host
2021-04-15T10:03:39: Trying without host
2021-04-15T10:03:51: ScrollToItem idx:0 scrollHeight=72 offset=
2021-04-15T10:04:04: Trying without host
2021-04-15T10:04:04: Trying without host
2021-04-15T10:04:16: ScrollToItem idx:0 scrollHeight=72 offset=
2021-04-15T10:10:11: Checking remote repositories...
2021-04-15T10:20:11: Checking remote repositories...
2021-04-15T10:20:11: Trying without host
2021-04-15T10:30:18: Checking remote repositories...
2021-04-15T10:30:18: Trying without host
2021-04-15T10:40:24: Checking remote repositories...
2021-04-15T10:40:24: Trying without host
2021-04-15T10:50:29: Checking remote repositories...
2021-04-15T10:50:30: Trying without host
2021-04-15T11:00:35: Checking remote repositories...
2021-04-15T11:00:35: Trying without host
2021-04-15T11:10:42: Checking remote repositories...
2021-04-15T11:10:42: Trying without host
2021-04-15T11:20:48: Checking remote repositories...
2021-04-15T11:20:48: Trying without host
2021-04-15T11:30:54: Checking remote repositories...
2021-04-15T11:30:54: Trying without host
2021-04-15T11:41:00: Checking remote repositories...
2021-04-15T11:41:00: Trying without host
2021-04-15T11:51:06: Checking remote repositories...
2021-04-15T11:51:06: Trying without host
2021-04-15T12:01:13: Checking remote repositories...
2021-04-15T12:01:13: Trying without host
2021-04-15T12:11:19: Checking remote repositories...
2021-04-15T12:11:19: Trying without host
2021-04-15T12:21:26: Checking remote repositories...
2021-04-15T12:21:26: Trying without host
2021-04-15T12:31:33: Checking remote repositories...
2021-04-15T12:31:33: Trying without host
2021-04-15T12:41:41: Checking remote repositories...
2021-04-15T12:41:41: Trying without host
2021-04-15T12:51:48: Checking remote repositories...
2021-04-15T12:51:48: Trying without host
2021-04-15T13:01:53: Checking remote repositories...
2021-04-15T13:01:53: Trying without host
2021-04-15T13:11:57: Checking remote repositories...
2021-04-15T13:11:57: Trying without host
2021-04-15T13:22:01: Checking remote repositories...
2021-04-15T13:22:01: Trying without host
2021-04-15T13:32:05: Checking remote repositories...
2021-04-15T13:32:05: Trying without host
2021-04-15T13:42:09: Checking remote repositories...
2021-04-15T13:42:09: Trying without host
2021-04-15T13:52:14: Checking remote repositories...
2021-04-15T13:52:14: Trying without host
2021-04-15T13:54:02: Trying without host
2021-04-15T13:54:02: Trying without host
2021-04-15T13:54:06: ScrollToItem idx:0 scrollHeight=73 offset=
2021-04-15T14:02:18: Checking remote repositories...
2021-04-15T14:12:18: Checking remote repositories...
2021-04-15T14:12:18: Trying without host
2021-04-15T14:22:23: Checking remote repositories...
2021-04-15T14:22:23: Trying without host
2021-04-15T14:32:28: Checking remote repositories...
2021-04-15T14:32:28: Trying without host
2021-04-15T14:42:32: Checking remote repositories...
2021-04-15T14:42:32: Trying without host
2021-04-15T14:52:36: Checking remote repositories...
2021-04-15T14:52:36: Trying without host
2021-04-15T15:02:40: Checking remote repositories...
2021-04-15T15:02:40: Trying without host
2021-04-15T15:12:44: Checking remote repositories...
2021-04-15T15:12:44: Trying without host
2021-04-15T15:22:49: Checking remote repositories...
2021-04-15T15:22:49: Trying without host
2021-04-15T15:32:53: Checking remote repositories...
2021-04-15T15:32:53: Trying without host
2021-04-15T15:42:57: Checking remote repositories...
2021-04-15T15:42:57: Trying without host
2021-04-15T15:47:15: Trying without host
2021-04-15T15:47:16: Trying without host
2021-04-15T15:47:22: Trying without host
2021-04-15T15:47:22: Trying without host
2021-04-15T15:47:27: ScrollToItem idx:0 scrollHeight=79 offset=
2021-04-15T15:48:08: 15.04.2021 15:48:08 : REFRESHING DIFF
2021-04-15T15:48:10: 15.04.2021 15:48:10 : REFRESHING DIFF
2021-04-15T15:48:15: 15.04.2021 15:48:15 : REFRESHING DIFF
2021-04-15T15:48:26: Trying without host
2021-04-15T15:48:26: Trying without host
2021-04-15T15:48:31: 15.04.2021 15:48:31 : REFRESHING DIFF
2021-04-15T15:48:31: ScrollToItem idx:2 scrollHeight=79 offset=1.66
2021-04-15T15:48:31: 15.04.2021 15:48:31 : REFRESHING DIFF
2021-04-15T15:49:31: Trying without host
2021-04-15T15:49:31: Trying without host
2021-04-15T15:49:37: 15.04.2021 15:49:37 : REFRESHING DIFF
2021-04-15T15:49:37: ScrollToItem idx:2 scrollHeight=79 offset=1.66
2021-04-15T15:49:37: 15.04.2021 15:49:37 : REFRESHING DIFF
2021-04-15T15:53:01: Checking remote repositories...
2021-04-15T16:03:01: Checking remote repositories...
2021-04-15T16:03:01: Trying without host
2021-04-15T16:13:05: Checking remote repositories...
2021-04-15T16:13:05: Trying without host
2021-04-15T16:23:09: Checking remote repositories...
2021-04-15T16:23:09: Trying without host
2021-04-15T16:33:13: Checking remote repositories...
2021-04-15T16:33:13: Trying without host
2021-04-15T16:43:17: Checking remote repositories...
2021-04-15T16:43:17: Trying without host
2021-04-15T16:53:23: Checking remote repositories...
2021-04-15T16:53:23: Trying without host
2021-04-15T17:03:27: Checking remote repositories...
2021-04-15T17:03:27: Trying without host
2021-04-15T17:13:21: Trying without host
2021-04-15T17:13:21: Trying without host
2021-04-15T17:13:27: 15.04.2021 17:13:27 : REFRESHING DIFF
2021-04-15T17:13:27: ScrollToItem idx:5 scrollHeight=82 offset=4.18
2021-04-15T17:13:28: 15.04.2021 17:13:28 : REFRESHING DIFF
2021-04-15T17:13:31: Checking remote repositories...
