00:00:00.001348 main     VirtualBox COM Server 6.0.14 r133895 win.amd64 (Oct 10 2019 19:44:31) release log
00:00:00.001354 main     Log opened 2020-02-17T13:59:10.616687200Z
00:00:00.001356 main     Build Type: release
00:00:00.001365 main     OS Product: Windows 10
00:00:00.001368 main     OS Release: 10.0.18362
00:00:00.001370 main     OS Service Pack: 
00:00:00.054945 main     DMI Product Name: HP ProBook 450 G6
00:00:00.077943 main     DMI Product Version:  
00:00:00.077964 main     Host RAM: 16254MB (15.8GB) total, 12792MB (12.4GB) available
00:00:00.077979 main     Executable: C:\Program Files\Oracle\VirtualBox\VBoxSVC.exe
00:00:00.077981 main     Process ID: 13908
00:00:00.077983 main     Package type: WINDOWS_64BITS_GENERIC
00:00:00.172148          VirtualBox: object creation starts
00:00:00.172503          Home directory: 'C:\Users\Mark Beck\.VirtualBox'
00:00:00.172656          Installed Drivers:
00:00:00.181221            C:\windows\system32\DRIVERS\VBoxNetLwf.sys (Version: 6.0.14.33895)
00:00:00.182591            C:\windows\system32\DRIVERS\VBoxUSBMon.sys (Version: 6.0.14.33895)
00:00:00.183487            C:\windows\system32\DRIVERS\VBoxDrv.sys (Version: 6.0.14.33895)
00:00:00.185096            C:\windows\system32\DRIVERS\VBoxNetAdp6.sys (Version: 6.0.14.33895)
00:00:00.209562          Loading settings file "C:\Users\Mark Beck\.VirtualBox\VirtualBox.xml" with version "1.12-windows"
00:00:00.243473          Getting USB descriptor (id 0) failed with error 31
00:00:00.243621          Getting USB descriptor (id 0) failed with error 31
00:00:00.243748          Getting USB descriptor (id 0) failed with error 31
00:00:00.246683          USB: Unknown USB device detected (idVendor: 0x04ca, idProduct: 0x7095)
00:00:00.246761          USB: Unknown USB device detected (idVendor: 0x06cb, idProduct: 0x00b7)
00:00:00.246809          USB: Unknown USB device detected (idVendor: 0x0bda, idProduct: 0xb00b)
00:00:00.442957          HostDnsMonitor::updateInfo
00:00:00.442977          HostDnsMonitor: old information
00:00:00.442979            no server entries
00:00:00.442980            no domain set
00:00:00.442981            no search string entries
00:00:00.442981          HostDnsMonitor: new information
00:00:00.442982            server 1: 192.168.178.1
00:00:00.442983            domain: fritz.box
00:00:00.442983            no search string entries
00:00:00.553868          VD: VDInit finished with VINF_SUCCESS
00:00:00.568264          Loading settings file "C:\Users\Mark Beck\VirtualBox VMs\dbUeb\dbUeb.vbox" with version "1.12-windows"
00:00:00.570046          VirtualBox: object created
00:00:06.546000          Saving settings file "C:\Users\Mark Beck\.VirtualBox\VirtualBox.xml" with version "1.12-windows"
00:00:06.594291          Saving settings file "C:\Users\Mark Beck\.VirtualBox\VirtualBox.xml" with version "1.12-windows"
00:00:14.430872          ERROR [COM]: aRC=VBOX_E_OBJECT_NOT_FOUND (0x80bb0001) aIID={70401eef-c8e9-466b-9660-45cb3e9979e4} aComponent={ExtPackManagerWrap} aText={No extension pack by the name 'Oracle VM VirtualBox Extension Pack' was found}, preserve=false aResultDetail=0
00:00:21.237612          Saving settings file "C:\Users\Mark Beck\VirtualBox VMs\dbUeb\dbUeb.vbox" with version "1.12-windows"
00:00:27.201627          Saving settings file "C:\Users\Mark Beck\VirtualBox VMs\dbUeb\dbUeb.vbox" with version "1.12-windows"
00:00:27.221660          ERROR [COM]: aRC=VBOX_E_IPRT_ERROR (0x80bb0005) aIID={5047460a-265d-4538-b23e-ddba5fb84976} aComponent={MachineWrap} aText={Saved screenshot thumbnail data is not available (VERR_NOT_SUPPORTED)}, preserve=false aResultDetail=-37
00:00:27.232920          ERROR [COM]: aRC=VBOX_E_IPRT_ERROR (0x80bb0005) aIID={5047460a-265d-4538-b23e-ddba5fb84976} aComponent={MachineWrap} aText={Saved screenshot thumbnail data is not available (VERR_NOT_SUPPORTED)}, preserve=false aResultDetail=-37
00:00:27.289772 SaveState Saving settings file "C:\Users\Mark Beck\VirtualBox VMs\dbUeb\dbUeb.vbox" with version "1.12-windows"
00:00:29.951401          Saving settings file "C:\Users\Mark Beck\.VirtualBox\VirtualBox.xml" with version "1.12-windows"
00:00:29.964941          Saving settings file "C:\Users\Mark Beck\.VirtualBox\VirtualBox.xml" with version "1.12-windows"
00:00:35.507793 main     VirtualBox: object deletion starts
00:00:35.508465 main     ERROR [COM]: aRC=VBOX_E_OBJECT_IN_USE (0x80bb000c) aIID={ad47ad09-787b-44ab-b343-a082a3f2dfb1} aComponent={MediumWrap} aText={Medium 'C:\Users\Mark Beck\VirtualBox VMs\dbUeb\dbUeb-disk1.vdi' cannot be closed because it is still attached to 1 virtual machines}, preserve=false aResultDetail=0
00:00:35.514881 Watcher  ERROR [COM]: aRC=E_ACCESSDENIED (0x80070005) aIID={d0a0163f-e254-4e5b-a1f2-011cf991c38d} aComponent={VirtualBoxWrap} aText={The object is not ready}, preserve=false aResultDetail=0
00:00:35.515136 main     VirtualBox: object deleted
